<?xml version="1.0" encoding="UTF-8"?>
<!-- Generated by org.testng.reporters.JUnitXMLReporter -->
<testsuite ignored="2" hostname="DASHLAPTOP" failures="0" tests="4" name="Test=2" time="26.184" errors="0" timestamp="2023-11-22T12:17:05 IST">
  <testcase classname="com.TestNG.PracticeTest" name="practice1" time="0.013"/>
  <testcase classname="com.TestNG.PracticeTest" name="practice2" time="0.003"/>
  <testcase classname="com.TestNG.DemoTest" name="Demo1" time="0.003"/>
  <testcase classname="com.TestNG.DemoTest" name="Demo2" time="0.002"/>
  <testcase classname="com.onlinebanking.kredvista.GenericUtils.BaseClass" name="@BeforeSuite config_DB" time="0.0">
    <ignored/>
  </testcase> <!-- @BeforeSuite config_DB -->
  <testcase classname="com.onlinebanking.kredvista.GenericUtils.BaseClass" name="@AfterSuite config_AS" time="0.0">
    <ignored/>
  </testcase> <!-- @AfterSuite config_AS -->
</testsuite> <!-- Test=2 -->
